# JRE version: OpenJDK Runtime Environment JBR-17.0.12+1-1087.25-nomod (17.0.12+1) (build 17.0.12+1-b1087.25)
# Java VM: OpenJDK 64-Bit Server VM JBR-17.0.12+1-1087.25-nomod (17.0.12+1-b1087.25, mixed mode, tiered, compressed oops, compressed class ptrs, g1 gc, windows-amd64)
GC Precious Log:
 CPUs: 8 total, 8 available
 Memory: 16216M
 Large Page Support: Disabled
 NUMA Support: Disabled
 Compressed Oops: Enabled (Zero based)
 Heap Region Size: 2M
 Heap Min Capacity: 8M
 Heap Initial Capacity: 254M
 Heap Max Capacity: 4056M
 Pre-touch: Disabled
 Parallel Workers: 8
 Concurrent Workers: 2
 Concurrent Refinement Workers: 8
 Periodic GC: Disabled
Heap:
 garbage-first heap   total 131072K, used 66291K [0x0000000702800000, 0x0000000800000000)
  region size 2048K, 18 young (36864K), 5 survivors (10240K)
 Metaspace       used 85542K, committed 86080K, reserved 1179648K
  class space    used 11387K, committed 11648K, reserved 1048576K
GC Heap History (20 events):
Event: 3.692 GC heap before
{Heap before GC invocations=6 (full 0):
 garbage-first heap   total 61440K, used 39880K [0x0000000702800000, 0x0000000800000000)
  region size 2048K, 13 young (26624K), 2 survivors (4096K)
 Metaspace       used 33391K, committed 33664K, reserved 1114112K
  class space    used 3950K, committed 4096K, reserved 1048576K
}
Event: 3.696 GC heap after
{Heap after GC invocations=7 (full 0):
 garbage-first heap   total 61440K, used 19296K [0x0000000702800000, 0x0000000800000000)
  region size 2048K, 1 young (2048K), 1 survivors (2048K)
 Metaspace       used 33391K, committed 33664K, reserved 1114112K
  class space    used 3950K, committed 4096K, reserved 1048576K
}
Event: 4.036 GC heap before
{Heap before GC invocations=7 (full 0):
 garbage-first heap   total 61440K, used 35680K [0x0000000702800000, 0x0000000800000000)
  region size 2048K, 10 young (20480K), 1 survivors (2048K)
 Metaspace       used 35820K, committed 36096K, reserved 1114112K
  class space    used 4259K, committed 4416K, reserved 1048576K
}
Event: 4.038 GC heap after
{Heap after GC invocations=8 (full 0):
 garbage-first heap   total 61440K, used 20147K [0x0000000702800000, 0x0000000800000000)
  region size 2048K, 2 young (4096K), 2 survivors (4096K)
 Metaspace       used 35820K, committed 36096K, reserved 1114112K
  class space    used 4259K, committed 4416K, reserved 1048576K
}
Event: 4.857 GC heap before
{Heap before GC invocations=9 (full 0):
 garbage-first heap   total 61440K, used 40627K [0x0000000702800000, 0x0000000800000000)
  region size 2048K, 13 young (26624K), 2 survivors (4096K)
 Metaspace       used 38944K, committed 39232K, reserved 1114112K
  class space    used 4843K, committed 4992K, reserved 1048576K
}
Event: 4.861 GC heap after
{Heap after GC invocations=10 (full 0):
 garbage-first heap   total 61440K, used 21493K [0x0000000702800000, 0x0000000800000000)
  region size 2048K, 2 young (4096K), 2 survivors (4096K)
 Metaspace       used 38944K, committed 39232K, reserved 1114112K
  class space    used 4843K, committed 4992K, reserved 1048576K
}
Event: 5.784 GC heap before
{Heap before GC invocations=10 (full 0):
 garbage-first heap   total 61440K, used 44021K [0x0000000702800000, 0x0000000800000000)
  region size 2048K, 13 young (26624K), 2 survivors (4096K)
 Metaspace       used 42485K, committed 42880K, reserved 1114112K
  class space    used 5348K, committed 5568K, reserved 1048576K
}
Event: 5.789 GC heap after
{Heap after GC invocations=11 (full 0):
 garbage-first heap   total 61440K, used 23440K [0x0000000702800000, 0x0000000800000000)
  region size 2048K, 2 young (4096K), 2 survivors (4096K)
 Metaspace       used 42485K, committed 42880K, reserved 1114112K
  class space    used 5348K, committed 5568K, reserved 1048576K
}
Event: 6.427 GC heap before
{Heap before GC invocations=11 (full 0):
 garbage-first heap   total 61440K, used 43920K [0x0000000702800000, 0x0000000800000000)
  region size 2048K, 12 young (24576K), 2 survivors (4096K)
 Metaspace       used 45935K, committed 46336K, reserved 1114112K
  class space    used 5820K, committed 6016K, reserved 1048576K
}
Event: 6.434 GC heap after
{Heap after GC invocations=12 (full 0):
 garbage-first heap   total 61440K, used 25122K [0x0000000702800000, 0x0000000800000000)
  region size 2048K, 1 young (2048K), 1 survivors (2048K)
 Metaspace       used 45935K, committed 46336K, reserved 1114112K
  class space    used 5820K, committed 6016K, reserved 1048576K
}
Event: 6.752 GC heap before
{Heap before GC invocations=12 (full 0):
 garbage-first heap   total 61440K, used 43554K [0x0000000702800000, 0x0000000800000000)
  region size 2048K, 11 young (22528K), 1 survivors (2048K)
 Metaspace       used 47588K, committed 48000K, reserved 1114112K
  class space    used 5993K, committed 6208K, reserved 1048576K
}
Event: 6.756 GC heap after
{Heap after GC invocations=13 (full 0):
 garbage-first heap   total 61440K, used 29336K [0x0000000702800000, 0x0000000800000000)
  region size 2048K, 2 young (4096K), 2 survivors (4096K)
 Metaspace       used 47588K, committed 48000K, reserved 1114112K
  class space    used 5993K, committed 6208K, reserved 1048576K
}
Event: 6.943 GC heap before
{Heap before GC invocations=13 (full 0):
 garbage-first heap   total 61440K, used 43672K [0x0000000702800000, 0x0000000800000000)
  region size 2048K, 10 young (20480K), 2 survivors (4096K)
 Metaspace       used 49268K, committed 49728K, reserved 1114112K
  class space    used 6168K, committed 6336K, reserved 1048576K
}
Event: 6.947 GC heap after
{Heap after GC invocations=14 (full 0):
 garbage-first heap   total 161792K, used 29535K [0x0000000702800000, 0x0000000800000000)
  region size 2048K, 1 young (2048K), 1 survivors (2048K)
 Metaspace       used 49268K, committed 49728K, reserved 1114112K
  class space    used 6168K, committed 6336K, reserved 1048576K
}
Event: 8.271 GC heap before
{Heap before GC invocations=14 (full 0):
 garbage-first heap   total 161792K, used 90975K [0x0000000702800000, 0x0000000800000000)
  region size 2048K, 32 young (65536K), 1 survivors (2048K)
 Metaspace       used 59900K, committed 60288K, reserved 1114112K
  class space    used 7688K, committed 7872K, reserved 1048576K
}
Event: 8.276 GC heap after
{Heap after GC invocations=15 (full 0):
 garbage-first heap   total 161792K, used 33022K [0x0000000702800000, 0x0000000800000000)
  region size 2048K, 3 young (6144K), 3 survivors (6144K)
 Metaspace       used 59900K, committed 60288K, reserved 1114112K
  class space    used 7688K, committed 7872K, reserved 1048576K
}
Event: 10.041 GC heap before
{Heap before GC invocations=16 (full 0):
 garbage-first heap   total 131072K, used 104702K [0x0000000702800000, 0x0000000800000000)
  region size 2048K, 38 young (77824K), 3 survivors (6144K)
 Metaspace       used 77927K, committed 78336K, reserved 1179648K
  class space    used 10368K, committed 10560K, reserved 1048576K
}
Event: 10.052 GC heap after
{Heap after GC invocations=17 (full 0):
 garbage-first heap   total 131072K, used 37442K [0x0000000702800000, 0x0000000800000000)
  region size 2048K, 5 young (10240K), 5 survivors (10240K)
 Metaspace       used 77927K, committed 78336K, reserved 1179648K
  class space    used 10368K, committed 10560K, reserved 1048576K
}
Event: 11.548 GC heap before
{Heap before GC invocations=17 (full 0):
 garbage-first heap   total 131072K, used 98882K [0x0000000702800000, 0x0000000800000000)
  region size 2048K, 35 young (71680K), 5 survivors (10240K)
 Metaspace       used 84050K, committed 84608K, reserved 1179648K
  class space    used 11197K, committed 11456K, reserved 1048576K
}
Event: 11.559 GC heap after
{Heap after GC invocations=18 (full 0):
 garbage-first heap   total 131072K, used 41715K [0x0000000702800000, 0x0000000800000000)
  region size 2048K, 5 young (10240K), 5 survivors (10240K)
 Metaspace       used 84050K, committed 84608K, reserved 1179648K
  class space    used 11197K, committed 11456K, reserved 1048576K
}

